0 info it worked if it ends with ok
1 verbose cli [ '/usr/local/bin/node', '/usr/local/bin/npm', 'start' ]
2 info using npm@3.10.10
3 info using node@v6.9.5
4 verbose run-script [ 'prestart', 'start', 'poststart' ]
5 info lifecycle home@~prestart: home@
6 silly lifecycle home@~prestart: no script for prestart, continuing
7 info lifecycle home@~start: home@
8 verbose lifecycle home@~start: unsafe-perm in lifecycle true
9 verbose lifecycle home@~start: PATH: /usr/local/lib/node_modules/npm/bin/node-gyp-bin:/Users/isa/Documents/Donea/donealo/home/node_modules/.bin:/Library/Frameworks/Python.framework/Versions/3.6/bin:/opt/local/bin:/opt/local/sbin:/usr/local/bin:/usr/bin:/bin:/usr/sbin:/sbin:/Library/Frameworks/Mono.framework/Versions/Current/Commands:/Applications/Wireshark.app/Contents/MacOS
10 verbose lifecycle home@~start: CWD: /Users/isa/Documents/Donea/donealo/home
11 silly lifecycle home@~start: Args: [ '-c', 'meteor run' ]
12 silly lifecycle home@~start: Returned: code: 254  signal: null
13 info lifecycle home@~start: Failed to exec start script
14 verbose stack Error: home@ start: `meteor run`
14 verbose stack Exit status 254
14 verbose stack     at EventEmitter.<anonymous> (/usr/local/lib/node_modules/npm/lib/utils/lifecycle.js:255:16)
14 verbose stack     at emitTwo (events.js:106:13)
14 verbose stack     at EventEmitter.emit (events.js:191:7)
14 verbose stack     at ChildProcess.<anonymous> (/usr/local/lib/node_modules/npm/lib/utils/spawn.js:40:14)
14 verbose stack     at emitTwo (events.js:106:13)
14 verbose stack     at ChildProcess.emit (events.js:191:7)
14 verbose stack     at maybeClose (internal/child_process.js:877:16)
14 verbose stack     at Process.ChildProcess._handle.onexit (internal/child_process.js:226:5)
15 verbose pkgid home@
16 verbose cwd /Users/isa/Documents/Donea/donealo/home
17 error Darwin 16.4.0
18 error argv "/usr/local/bin/node" "/usr/local/bin/npm" "start"
19 error node v6.9.5
20 error npm  v3.10.10
21 error code ELIFECYCLE
22 error home@ start: `meteor run`
22 error Exit status 254
23 error Failed at the home@ start script 'meteor run'.
23 error Make sure you have the latest version of node.js and npm installed.
23 error If you do, this is most likely a problem with the home package,
23 error not with npm itself.
23 error Tell the author that this fails on your system:
23 error     meteor run
23 error You can get information on how to open an issue for this project with:
23 error     npm bugs home
23 error Or if that isn't available, you can get their info via:
23 error     npm owner ls home
23 error There is likely additional logging output above.
24 verbose exit [ 1, true ]
